app/build/intermediates/manifest_merge_blame_file/release/processReleaseMainManifest/manifest-merger-blame-release-report.txt
1<?xml version="1.0" encoding="utf-8"?>
2<manifest xmlns:android="http://schemas.android.com/apk/res/android"
3    package="com.cricpro.app"
4    android:versionCode="1"
5    android:versionName="1.0.0" >
6
7    <uses-sdk
8        android:minSdkVersion="26"
9        android:targetSdkVersion="35" />
10
11    <!-- Permissions -->
12    <uses-permission android:name="android.permission.INTERNET" />
12-->src\main\AndroidManifest.xml:6:5-67
12-->src\main\AndroidManifest.xml:6:22-64
13    <uses-permission android:name="android.permission.ACCESS_NETWORK_STATE" />
13-->src\main\AndroidManifest.xml:7:5-79
13-->src\main\AndroidManifest.xml:7:22-76
14    <uses-permission android:name="android.permission.POST_NOTIFICATIONS" />
14-->src\main\AndroidManifest.xml:8:5-77
14-->src\main\AndroidManifest.xml:8:22-74
15    <uses-permission android:name="android.permission.READ_MEDIA_IMAGES" />
15-->src\main\AndroidManifest.xml:9:5-76
15-->src\main\AndroidManifest.xml:9:22-73
16    <uses-permission android:name="com.google.android.gms.permission.AD_ID" />
16-->[com.google.android.gms:play-services-ads-lite:23.2.0] AndroidManifest.xml:26:5-79
16-->[com.google.android.gms:play-services-ads-lite:23.2.0] AndroidManifest.xml:26:22-76
17    <uses-permission android:name="android.permission.ACCESS_ADSERVICES_AD_ID" />
17-->[com.google.android.gms:play-services-ads-lite:23.2.0] AndroidManifest.xml:27:5-82
17-->[com.google.android.gms:play-services-ads-lite:23.2.0] AndroidManifest.xml:27:22-79
18    <uses-permission android:name="android.permission.ACCESS_ADSERVICES_ATTRIBUTION" />
18-->[com.google.android.gms:play-services-ads-lite:23.2.0] AndroidManifest.xml:28:5-88
18-->[com.google.android.gms:play-services-ads-lite:23.2.0] AndroidManifest.xml:28:22-85
19    <uses-permission android:name="android.permission.ACCESS_ADSERVICES_TOPICS" /> <!-- Android package visibility setting -->
19-->[com.google.android.gms:play-services-ads-lite:23.2.0] AndroidManifest.xml:29:5-83
19-->[com.google.android.gms:play-services-ads-lite:23.2.0] AndroidManifest.xml:29:22-80
20    <queries>
20-->[com.google.android.gms:play-services-ads-lite:23.2.0] AndroidManifest.xml:35:5-51:15
21
22        <!-- For browser content -->
23        <intent>
23-->[com.google.android.gms:play-services-ads-lite:23.2.0] AndroidManifest.xml:38:9-44:18
24            <action android:name="android.intent.action.VIEW" />
24-->[com.google.android.gms:play-services-ads-lite:23.2.0] AndroidManifest.xml:39:13-65
24-->[com.google.android.gms:play-services-ads-lite:23.2.0] AndroidManifest.xml:39:21-62
25
26            <category android:name="android.intent.category.BROWSABLE" />
26-->[com.google.android.gms:play-services-ads-lite:23.2.0] AndroidManifest.xml:41:13-74
26-->[com.google.android.gms:play-services-ads-lite:23.2.0] AndroidManifest.xml:41:23-71
27
28            <data android:scheme="https" />
28-->[com.google.android.gms:play-services-ads-lite:23.2.0] AndroidManifest.xml:43:13-44
28-->[com.google.android.gms:play-services-ads-lite:23.2.0] AndroidManifest.xml:43:19-41
29        </intent>
30        <!-- End of browser content -->
31        <!-- For CustomTabsService -->
32        <intent>
32-->[com.google.android.gms:play-services-ads-lite:23.2.0] AndroidManifest.xml:47:9-49:18
33            <action android:name="android.support.customtabs.action.CustomTabsService" />
33-->[com.google.android.gms:play-services-ads-lite:23.2.0] AndroidManifest.xml:48:13-90
33-->[com.google.android.gms:play-services-ads-lite:23.2.0] AndroidManifest.xml:48:21-87
34        </intent>
35        <!-- End of CustomTabsService -->
36    </queries>
37
38    <uses-permission android:name="android.permission.WAKE_LOCK" />
38-->[androidx.work:work-runtime:2.9.1] AndroidManifest.xml:23:5-68
38-->[androidx.work:work-runtime:2.9.1] AndroidManifest.xml:23:22-65
39    <uses-permission android:name="android.permission.FOREGROUND_SERVICE" /> <!-- Required by older versions of Google Play services to create IID tokens -->
39-->[androidx.work:work-runtime:2.9.1] AndroidManifest.xml:26:5-77
39-->[androidx.work:work-runtime:2.9.1] AndroidManifest.xml:26:22-74
40    <uses-permission android:name="com.google.android.c2dm.permission.RECEIVE" />
40-->[com.google.firebase:firebase-messaging:24.0.0] AndroidManifest.xml:26:5-82
40-->[com.google.firebase:firebase-messaging:24.0.0] AndroidManifest.xml:26:22-79
41    <uses-permission android:name="com.google.android.finsky.permission.BIND_GET_INSTALL_REFERRER_SERVICE" />
41-->[com.google.android.gms:play-services-measurement:22.0.2] AndroidManifest.xml:26:5-110
41-->[com.google.android.gms:play-services-measurement:22.0.2] AndroidManifest.xml:26:22-107
42    <uses-permission android:name="com.google.android.providers.gsf.permission.READ_GSERVICES" />
42-->[com.google.android.recaptcha:recaptcha:18.4.0] AndroidManifest.xml:9:5-98
42-->[com.google.android.recaptcha:recaptcha:18.4.0] AndroidManifest.xml:9:22-95
43
44    <permission
44-->[androidx.core:core:1.13.1] AndroidManifest.xml:22:5-24:47
45        android:name="com.cricpro.app.DYNAMIC_RECEIVER_NOT_EXPORTED_PERMISSION"
45-->[androidx.core:core:1.13.1] AndroidManifest.xml:23:9-81
46        android:protectionLevel="signature" />
46-->[androidx.core:core:1.13.1] AndroidManifest.xml:24:9-44
47
48    <uses-permission android:name="com.cricpro.app.DYNAMIC_RECEIVER_NOT_EXPORTED_PERMISSION" />
48-->[androidx.core:core:1.13.1] AndroidManifest.xml:26:5-97
48-->[androidx.core:core:1.13.1] AndroidManifest.xml:26:22-94
49
50    <application
50-->src\main\AndroidManifest.xml:11:5-61:19
51        android:name="com.cricpro.app.CricProApplication"
51-->src\main\AndroidManifest.xml:12:9-43
52        android:allowBackup="true"
52-->src\main\AndroidManifest.xml:13:9-35
53        android:appComponentFactory="androidx.core.app.CoreComponentFactory"
53-->[androidx.core:core:1.13.1] AndroidManifest.xml:28:18-86
54        android:dataExtractionRules="@xml/data_extraction_rules"
54-->src\main\AndroidManifest.xml:14:9-65
55        android:extractNativeLibs="false"
56        android:fullBackupContent="@xml/backup_rules"
56-->src\main\AndroidManifest.xml:15:9-54
57        android:icon="@mipmap/ic_launcher"
57-->src\main\AndroidManifest.xml:16:9-43
58        android:label="@string/app_name"
58-->src\main\AndroidManifest.xml:17:9-41
59        android:roundIcon="@mipmap/ic_launcher_round"
59-->src\main\AndroidManifest.xml:18:9-54
60        android:supportsRtl="true"
60-->src\main\AndroidManifest.xml:19:9-35
61        android:theme="@style/Theme.CricPro" >
61-->src\main\AndroidManifest.xml:20:9-45
62
63        <!-- Resolve manifest merger conflict between Play Services Ads and Firebase Analytics -->
64        <property
64-->src\main\AndroidManifest.xml:24:9-27:48
65            android:name="android.adservices.AD_SERVICES_CONFIG"
65-->src\main\AndroidManifest.xml:25:13-65
66            android:resource="@xml/gma_ad_services_config" />
66-->src\main\AndroidManifest.xml:26:13-59
67
68        <!-- Sample AdMob App ID for testing -->
69        <meta-data
69-->src\main\AndroidManifest.xml:30:9-32:70
70            android:name="com.google.android.gms.ads.APPLICATION_ID"
70-->src\main\AndroidManifest.xml:31:13-69
71            android:value="ca-app-pub-3940256099942544~3347511713" />
71-->src\main\AndroidManifest.xml:32:13-67
72
73        <activity
73-->src\main\AndroidManifest.xml:34:9-43:20
74            android:name="com.cricpro.app.MainActivity"
74-->src\main\AndroidManifest.xml:35:13-41
75            android:exported="true"
75-->src\main\AndroidManifest.xml:36:13-36
76            android:theme="@style/Theme.CricPro"
76-->src\main\AndroidManifest.xml:37:13-49
77            android:windowSoftInputMode="adjustResize" >
77-->src\main\AndroidManifest.xml:38:13-55
78            <intent-filter>
78-->src\main\AndroidManifest.xml:39:13-42:29
79                <action android:name="android.intent.action.MAIN" />
79-->src\main\AndroidManifest.xml:40:17-69
79-->src\main\AndroidManifest.xml:40:25-66
80
81                <category android:name="android.intent.category.LAUNCHER" />
81-->src\main\AndroidManifest.xml:41:17-77
81-->src\main\AndroidManifest.xml:41:27-74
82            </intent-filter>
83        </activity>
84
85        <!-- Firebase FCM Service -->
86        <service
86-->src\main\AndroidManifest.xml:46:9-52:19
87            android:name="com.cricpro.app.data.remote.FCMService"
87-->src\main\AndroidManifest.xml:47:13-51
88            android:exported="false" >
88-->src\main\AndroidManifest.xml:48:13-37
89            <intent-filter>
89-->src\main\AndroidManifest.xml:49:13-51:29
90                <action android:name="com.google.firebase.MESSAGING_EVENT" />
90-->src\main\AndroidManifest.xml:50:17-78
90-->src\main\AndroidManifest.xml:50:25-75
91            </intent-filter>
92        </service>
93
94        <provider
95            android:name="androidx.startup.InitializationProvider"
95-->src\main\AndroidManifest.xml:55:13-67
96            android:authorities="com.cricpro.app.androidx-startup"
96-->src\main\AndroidManifest.xml:56:13-68
97            android:exported="false" >
97-->src\main\AndroidManifest.xml:57:13-37
98            <meta-data
98-->[androidx.work:work-runtime:2.9.1] AndroidManifest.xml:34:13-36:52
99                android:name="androidx.work.WorkManagerInitializer"
99-->[androidx.work:work-runtime:2.9.1] AndroidManifest.xml:35:17-68
100                android:value="androidx.startup" />
100-->[androidx.work:work-runtime:2.9.1] AndroidManifest.xml:36:17-49
101            <meta-data
101-->[androidx.emoji2:emoji2:1.3.0] AndroidManifest.xml:29:13-31:52
102                android:name="androidx.emoji2.text.EmojiCompatInitializer"
102-->[androidx.emoji2:emoji2:1.3.0] AndroidManifest.xml:30:17-75
103                android:value="androidx.startup" />
103-->[androidx.emoji2:emoji2:1.3.0] AndroidManifest.xml:31:17-49
104            <meta-data
104-->[androidx.lifecycle:lifecycle-process:2.8.4] AndroidManifest.xml:29:13-31:52
105                android:name="androidx.lifecycle.ProcessLifecycleInitializer"
105-->[androidx.lifecycle:lifecycle-process:2.8.4] AndroidManifest.xml:30:17-78
106                android:value="androidx.startup" />
106-->[androidx.lifecycle:lifecycle-process:2.8.4] AndroidManifest.xml:31:17-49
107            <meta-data
107-->[androidx.profileinstaller:profileinstaller:1.3.1] AndroidManifest.xml:29:13-31:52
108                android:name="androidx.profileinstaller.ProfileInstallerInitializer"
108-->[androidx.profileinstaller:profileinstaller:1.3.1] AndroidManifest.xml:30:17-85
109                android:value="androidx.startup" />
109-->[androidx.profileinstaller:profileinstaller:1.3.1] AndroidManifest.xml:31:17-49
110        </provider>
111
112        <!-- Include the AdActivity and InAppPurchaseActivity configChanges and themes. -->
113        <activity
113-->[com.google.android.gms:play-services-ads-lite:23.2.0] AndroidManifest.xml:56:9-61:43
114            android:name="com.google.android.gms.ads.AdActivity"
114-->[com.google.android.gms:play-services-ads-lite:23.2.0] AndroidManifest.xml:57:13-65
115            android:configChanges="keyboard|keyboardHidden|orientation|screenLayout|uiMode|screenSize|smallestScreenSize"
115-->[com.google.android.gms:play-services-ads-lite:23.2.0] AndroidManifest.xml:58:13-122
116            android:exported="false"
116-->[com.google.android.gms:play-services-ads-lite:23.2.0] AndroidManifest.xml:59:13-37
117            android:theme="@android:style/Theme.Translucent" />
117-->[com.google.android.gms:play-services-ads-lite:23.2.0] AndroidManifest.xml:60:13-61
118
119        <provider
119-->[com.google.android.gms:play-services-ads-lite:23.2.0] AndroidManifest.xml:63:9-68:43
120            android:name="com.google.android.gms.ads.MobileAdsInitProvider"
120-->[com.google.android.gms:play-services-ads-lite:23.2.0] AndroidManifest.xml:64:13-76
121            android:authorities="com.cricpro.app.mobileadsinitprovider"
121-->[com.google.android.gms:play-services-ads-lite:23.2.0] AndroidManifest.xml:65:13-73
122            android:exported="false"
122-->[com.google.android.gms:play-services-ads-lite:23.2.0] AndroidManifest.xml:66:13-37
123            android:initOrder="100" />
123-->[com.google.android.gms:play-services-ads-lite:23.2.0] AndroidManifest.xml:67:13-36
124
125        <service
125-->[com.google.android.gms:play-services-ads-lite:23.2.0] AndroidManifest.xml:70:9-74:43
126            android:name="com.google.android.gms.ads.AdService"
126-->[com.google.android.gms:play-services-ads-lite:23.2.0] AndroidManifest.xml:71:13-64
127            android:enabled="true"
127-->[com.google.android.gms:play-services-ads-lite:23.2.0] AndroidManifest.xml:72:13-35
128            android:exported="false" />
128-->[com.google.android.gms:play-services-ads-lite:23.2.0] AndroidManifest.xml:73:13-37
129
130        <activity
130-->[com.google.android.gms:play-services-ads-lite:23.2.0] AndroidManifest.xml:76:9-80:43
131            android:name="com.google.android.gms.ads.OutOfContextTestingActivity"
131-->[com.google.android.gms:play-services-ads-lite:23.2.0] AndroidManifest.xml:77:13-82
132            android:configChanges="keyboard|keyboardHidden|orientation|screenLayout|uiMode|screenSize|smallestScreenSize"
132-->[com.google.android.gms:play-services-ads-lite:23.2.0] AndroidManifest.xml:78:13-122
133            android:exported="false" />
133-->[com.google.android.gms:play-services-ads-lite:23.2.0] AndroidManifest.xml:79:13-37
134        <activity
134-->[com.google.android.gms:play-services-ads-lite:23.2.0] AndroidManifest.xml:81:9-88:43
135            android:name="com.google.android.gms.ads.NotificationHandlerActivity"
135-->[com.google.android.gms:play-services-ads-lite:23.2.0] AndroidManifest.xml:82:13-82
136            android:excludeFromRecents="true"
136-->[com.google.android.gms:play-services-ads-lite:23.2.0] AndroidManifest.xml:83:13-46
137            android:exported="false"
137-->[com.google.android.gms:play-services-ads-lite:23.2.0] AndroidManifest.xml:84:13-37
138            android:launchMode="singleTask"
138-->[com.google.android.gms:play-services-ads-lite:23.2.0] AndroidManifest.xml:85:13-44
139            android:taskAffinity=""
139-->[com.google.android.gms:play-services-ads-lite:23.2.0] AndroidManifest.xml:86:13-36
140            android:theme="@android:style/Theme.Translucent.NoTitleBar" />
140-->[com.google.android.gms:play-services-ads-lite:23.2.0] AndroidManifest.xml:87:13-72
141
142        <service
142-->[androidx.work:work-runtime:2.9.1] AndroidManifest.xml:39:9-45:35
143            android:name="androidx.work.impl.background.systemalarm.SystemAlarmService"
143-->[androidx.work:work-runtime:2.9.1] AndroidManifest.xml:40:13-88
144            android:directBootAware="false"
144-->[androidx.work:work-runtime:2.9.1] AndroidManifest.xml:41:13-44
145            android:enabled="@bool/enable_system_alarm_service_default"
145-->[androidx.work:work-runtime:2.9.1] AndroidManifest.xml:42:13-72
146            android:exported="false" />
146-->[androidx.work:work-runtime:2.9.1] AndroidManifest.xml:43:13-37
147        <service
147-->[androidx.work:work-runtime:2.9.1] AndroidManifest.xml:46:9-52:35
148            android:name="androidx.work.impl.background.systemjob.SystemJobService"
148-->[androidx.work:work-runtime:2.9.1] AndroidManifest.xml:47:13-84
149            android:directBootAware="false"
149-->[androidx.work:work-runtime:2.9.1] AndroidManifest.xml:48:13-44
150            android:enabled="@bool/enable_system_job_service_default"
150-->[androidx.work:work-runtime:2.9.1] AndroidManifest.xml:49:13-70
151            android:exported="true"
151-->[androidx.work:work-runtime:2.9.1] AndroidManifest.xml:50:13-36
152            android:permission="android.permission.BIND_JOB_SERVICE" />
152-->[androidx.work:work-runtime:2.9.1] AndroidManifest.xml:51:13-69
153        <service
153-->[androidx.work:work-runtime:2.9.1] AndroidManifest.xml:53:9-59:35
154            android:name="androidx.work.impl.foreground.SystemForegroundService"
154-->[androidx.work:work-runtime:2.9.1] AndroidManifest.xml:54:13-81
155            android:directBootAware="false"
155-->[androidx.work:work-runtime:2.9.1] AndroidManifest.xml:55:13-44
156            android:enabled="@bool/enable_system_foreground_service_default"
156-->[androidx.work:work-runtime:2.9.1] AndroidManifest.xml:56:13-77
157            android:exported="false" />
157-->[androidx.work:work-runtime:2.9.1] AndroidManifest.xml:57:13-37
158
159        <receiver
159-->[androidx.work:work-runtime:2.9.1] AndroidManifest.xml:61:9-66:35
160            android:name="androidx.work.impl.utils.ForceStopRunnable$BroadcastReceiver"
160-->[androidx.work:work-runtime:2.9.1] AndroidManifest.xml:62:13-88
161            android:directBootAware="false"
161-->[androidx.work:work-runtime:2.9.1] AndroidManifest.xml:63:13-44
162            android:enabled="true"
162-->[androidx.work:work-runtime:2.9.1] AndroidManifest.xml:64:13-35
163            android:exported="false" />
163-->[androidx.work:work-runtime:2.9.1] AndroidManifest.xml:65:13-37
164        <receiver
164-->[androidx.work:work-runtime:2.9.1] AndroidManifest.xml:67:9-77:20
165            android:name="androidx.work.impl.background.systemalarm.ConstraintProxy$BatteryChargingProxy"
165-->[androidx.work:work-runtime:2.9.1] AndroidManifest.xml:68:13-106
166            android:directBootAware="false"
166-->[androidx.work:work-runtime:2.9.1] AndroidManifest.xml:69:13-44
167            android:enabled="false"
167-->[androidx.work:work-runtime:2.9.1] AndroidManifest.xml:70:13-36
168            android:exported="false" >
168-->[androidx.work:work-runtime:2.9.1] AndroidManifest.xml:71:13-37
169            <intent-filter>
169-->[androidx.work:work-runtime:2.9.1] AndroidManifest.xml:73:13-76:29
170                <action android:name="android.intent.action.ACTION_POWER_CONNECTED" />
170-->[androidx.work:work-runtime:2.9.1] AndroidManifest.xml:74:17-87
170-->[androidx.work:work-runtime:2.9.1] AndroidManifest.xml:74:25-84
171                <action android:name="android.intent.action.ACTION_POWER_DISCONNECTED" />
171-->[androidx.work:work-runtime:2.9.1] AndroidManifest.xml:75:17-90
171-->[androidx.work:work-runtime:2.9.1] AndroidManifest.xml:75:25-87
172            </intent-filter>
173        </receiver>
174        <receiver
174-->[androidx.work:work-runtime:2.9.1] AndroidManifest.xml:78:9-88:20
175            android:name="androidx.work.impl.background.systemalarm.ConstraintProxy$BatteryNotLowProxy"
175-->[androidx.work:work-runtime:2.9.1] AndroidManifest.xml:79:13-104
176            android:directBootAware="false"
176-->[androidx.work:work-runtime:2.9.1] AndroidManifest.xml:80:13-44
177            android:enabled="false"
177-->[androidx.work:work-runtime:2.9.1] AndroidManifest.xml:81:13-36
178            android:exported="false" >
178-->[androidx.work:work-runtime:2.9.1] AndroidManifest.xml:82:13-37
179            <intent-filter>
179-->[androidx.work:work-runtime:2.9.1] AndroidManifest.xml:84:13-87:29
180                <action android:name="android.intent.action.BATTERY_OKAY" />
180-->[androidx.work:work-runtime:2.9.1] AndroidManifest.xml:85:17-77
180-->[androidx.work:work-runtime:2.9.1] AndroidManifest.xml:85:25-74
181                <action android:name="android.intent.action.BATTERY_LOW" />
181-->[androidx.work:work-runtime:2.9.1] AndroidManifest.xml:86:17-76
181-->[androidx.work:work-runtime:2.9.1] AndroidManifest.xml:86:25-73
182            </intent-filter>
183        </receiver>
184        <receiver
184-->[androidx.work:work-runtime:2.9.1] AndroidManifest.xml:89:9-99:20
185            android:name="androidx.work.impl.background.systemalarm.ConstraintProxy$StorageNotLowProxy"
185-->[androidx.work:work-runtime:2.9.1] AndroidManifest.xml:90:13-104
186            android:directBootAware="false"
186-->[androidx.work:work-runtime:2.9.1] AndroidManifest.xml:91:13-44
187            android:enabled="false"
187-->[androidx.work:work-runtime:2.9.1] AndroidManifest.xml:92:13-36
188            android:exported="false" >
188-->[androidx.work:work-runtime:2.9.1] AndroidManifest.xml:93:13-37
189            <intent-filter>
189-->[androidx.work:work-runtime:2.9.1] AndroidManifest.xml:95:13-98:29
190                <action android:name="android.intent.action.DEVICE_STORAGE_LOW" />
190-->[androidx.work:work-runtime:2.9.1] AndroidManifest.xml:96:17-83
190-->[androidx.work:work-runtime:2.9.1] AndroidManifest.xml:96:25-80
191                <action android:name="android.intent.action.DEVICE_STORAGE_OK" />
191-->[androidx.work:work-runtime:2.9.1] AndroidManifest.xml:97:17-82
191-->[androidx.work:work-runtime:2.9.1] AndroidManifest.xml:97:25-79
192            </intent-filter>
193        </receiver>
194        <receiver
194-->[androidx.work:work-runtime:2.9.1] AndroidManifest.xml:100:9-109:20
195            android:name="androidx.work.impl.background.systemalarm.ConstraintProxy$NetworkStateProxy"
195-->[androidx.work:work-runtime:2.9.1] AndroidManifest.xml:101:13-103
196            android:directBootAware="false"
196-->[androidx.work:work-runtime:2.9.1] AndroidManifest.xml:102:13-44
197            android:enabled="false"
197-->[androidx.work:work-runtime:2.9.1] AndroidManifest.xml:103:13-36
198            android:exported="false" >
198-->[androidx.work:work-runtime:2.9.1] AndroidManifest.xml:104:13-37
199            <intent-filter>
199-->[androidx.work:work-runtime:2.9.1] AndroidManifest.xml:106:13-108:29
200                <action android:name="android.net.conn.CONNECTIVITY_CHANGE" />
200-->[androidx.work:work-runtime:2.9.1] AndroidManifest.xml:107:17-79
200-->[androidx.work:work-runtime:2.9.1] AndroidManifest.xml:107:25-76
201            </intent-filter>
202        </receiver>
203        <receiver
203-->[androidx.work:work-runtime:2.9.1] AndroidManifest.xml:110:9-121:20
204            android:name="androidx.work.impl.background.systemalarm.RescheduleReceiver"
204-->[androidx.work:work-runtime:2.9.1] AndroidManifest.xml:111:13-88
205            android:directBootAware="false"
205-->[androidx.work:work-runtime:2.9.1] AndroidManifest.xml:112:13-44
206            android:enabled="false"
206-->[androidx.work:work-runtime:2.9.1] AndroidManifest.xml:113:13-36
207            android:exported="false" >
207-->[androidx.work:work-runtime:2.9.1] AndroidManifest.xml:114:13-37
208            <intent-filter>
208-->[androidx.work:work-runtime:2.9.1] AndroidManifest.xml:116:13-120:29
209                <action android:name="android.intent.action.BOOT_COMPLETED" />
209-->[androidx.work:work-runtime:2.9.1] AndroidManifest.xml:117:17-79
209-->[androidx.work:work-runtime:2.9.1] AndroidManifest.xml:117:25-76
210                <action android:name="android.intent.action.TIME_SET" />
210-->[androidx.work:work-runtime:2.9.1] AndroidManifest.xml:118:17-73
210-->[androidx.work:work-runtime:2.9.1] AndroidManifest.xml:118:25-70
211                <action android:name="android.intent.action.TIMEZONE_CHANGED" />
211-->[androidx.work:work-runtime:2.9.1] AndroidManifest.xml:119:17-81
211-->[androidx.work:work-runtime:2.9.1] AndroidManifest.xml:119:25-78
212            </intent-filter>
213        </receiver>
214        <receiver
214-->[androidx.work:work-runtime:2.9.1] AndroidManifest.xml:122:9-131:20
215            android:name="androidx.work.impl.background.systemalarm.ConstraintProxyUpdateReceiver"
215-->[androidx.work:work-runtime:2.9.1] AndroidManifest.xml:123:13-99
216            android:directBootAware="false"
216-->[androidx.work:work-runtime:2.9.1] AndroidManifest.xml:124:13-44
217            android:enabled="@bool/enable_system_alarm_service_default"
217-->[androidx.work:work-runtime:2.9.1] AndroidManifest.xml:125:13-72
218            android:exported="false" >
218-->[androidx.work:work-runtime:2.9.1] AndroidManifest.xml:126:13-37
219            <intent-filter>
219-->[androidx.work:work-runtime:2.9.1] AndroidManifest.xml:128:13-130:29
220                <action android:name="androidx.work.impl.background.systemalarm.UpdateProxies" />
220-->[androidx.work:work-runtime:2.9.1] AndroidManifest.xml:129:17-98
220-->[androidx.work:work-runtime:2.9.1] AndroidManifest.xml:129:25-95
221            </intent-filter>
222        </receiver>
223        <receiver
223-->[androidx.work:work-runtime:2.9.1] AndroidManifest.xml:132:9-142:20
224            android:name="androidx.work.impl.diagnostics.DiagnosticsReceiver"
224-->[androidx.work:work-runtime:2.9.1] AndroidManifest.xml:133:13-78
225            android:directBootAware="false"
225-->[androidx.work:work-runtime:2.9.1] AndroidManifest.xml:134:13-44
226            android:enabled="true"
226-->[androidx.work:work-runtime:2.9.1] AndroidManifest.xml:135:13-35
227            android:exported="true"
227-->[androidx.work:work-runtime:2.9.1] AndroidManifest.xml:136:13-36
228            android:permission="android.permission.DUMP" >
228-->[androidx.work:work-runtime:2.9.1] AndroidManifest.xml:137:13-57
229            <intent-filter>
229-->[androidx.work:work-runtime:2.9.1] AndroidManifest.xml:139:13-141:29
230                <action android:name="androidx.work.diagnostics.REQUEST_DIAGNOSTICS" />
230-->[androidx.work:work-runtime:2.9.1] AndroidManifest.xml:140:17-88
230-->[androidx.work:work-runtime:2.9.1] AndroidManifest.xml:140:25-85
231            </intent-filter>
232        </receiver>
233
234        <service
234-->[com.google.firebase:firebase-auth-ktx:23.0.0] AndroidManifest.xml:8:9-14:19
235            android:name="com.google.firebase.components.ComponentDiscoveryService"
235-->[com.google.firebase:firebase-auth-ktx:23.0.0] AndroidManifest.xml:9:13-84
236            android:directBootAware="true"
236-->[com.google.firebase:firebase-common:21.0.0] AndroidManifest.xml:32:13-43
237            android:exported="false" >
237-->[com.google.firebase:firebase-auth-ktx:23.0.0] AndroidManifest.xml:10:13-37
238            <meta-data
238-->[com.google.firebase:firebase-auth-ktx:23.0.0] AndroidManifest.xml:11:13-13:85
239                android:name="com.google.firebase.components:com.google.firebase.auth.ktx.FirebaseAuthLegacyRegistrar"
239-->[com.google.firebase:firebase-auth-ktx:23.0.0] AndroidManifest.xml:12:17-119
240                android:value="com.google.firebase.components.ComponentRegistrar" />
240-->[com.google.firebase:firebase-auth-ktx:23.0.0] AndroidManifest.xml:13:17-82
241            <meta-data
241-->[com.google.firebase:firebase-auth:23.0.0] AndroidManifest.xml:69:13-71:85
242                android:name="com.google.firebase.components:com.google.firebase.auth.FirebaseAuthRegistrar"
242-->[com.google.firebase:firebase-auth:23.0.0] AndroidManifest.xml:70:17-109
243                android:value="com.google.firebase.components.ComponentRegistrar" />
243-->[com.google.firebase:firebase-auth:23.0.0] AndroidManifest.xml:71:17-82
244            <meta-data
244-->[com.google.firebase:firebase-storage-ktx:21.0.0] AndroidManifest.xml:12:13-14:85
245                android:name="com.google.firebase.components:com.google.firebase.storage.ktx.FirebaseStorageLegacyRegistrar"
245-->[com.google.firebase:firebase-storage-ktx:21.0.0] AndroidManifest.xml:13:17-125
246                android:value="com.google.firebase.components.ComponentRegistrar" />
246-->[com.google.firebase:firebase-storage-ktx:21.0.0] AndroidManifest.xml:14:17-82
247            <meta-data
247-->[com.google.firebase:firebase-storage:21.0.0] AndroidManifest.xml:30:13-32:85
248                android:name="com.google.firebase.components:com.google.firebase.storage.FirebaseStorageKtxRegistrar"
248-->[com.google.firebase:firebase-storage:21.0.0] AndroidManifest.xml:31:17-118
249                android:value="com.google.firebase.components.ComponentRegistrar" />
249-->[com.google.firebase:firebase-storage:21.0.0] AndroidManifest.xml:32:17-82
250            <meta-data
250-->[com.google.firebase:firebase-storage:21.0.0] AndroidManifest.xml:33:13-35:85
251                android:name="com.google.firebase.components:com.google.firebase.storage.StorageRegistrar"
251-->[com.google.firebase:firebase-storage:21.0.0] AndroidManifest.xml:34:17-107
252                android:value="com.google.firebase.components.ComponentRegistrar" />
252-->[com.google.firebase:firebase-storage:21.0.0] AndroidManifest.xml:35:17-82
253            <meta-data
253-->[com.google.firebase:firebase-firestore-ktx:25.0.0] AndroidManifest.xml:12:13-14:85
254                android:name="com.google.firebase.components:com.google.firebase.firestore.ktx.FirebaseFirestoreLegacyRegistrar"
254-->[com.google.firebase:firebase-firestore-ktx:25.0.0] AndroidManifest.xml:13:17-129
255                android:value="com.google.firebase.components.ComponentRegistrar" />
255-->[com.google.firebase:firebase-firestore-ktx:25.0.0] AndroidManifest.xml:14:17-82
256            <meta-data
256-->[com.google.firebase:firebase-firestore:25.0.0] AndroidManifest.xml:17:13-19:85
257                android:name="com.google.firebase.components:com.google.firebase.firestore.FirebaseFirestoreKtxRegistrar"
257-->[com.google.firebase:firebase-firestore:25.0.0] AndroidManifest.xml:18:17-122
258                android:value="com.google.firebase.components.ComponentRegistrar" />
258-->[com.google.firebase:firebase-firestore:25.0.0] AndroidManifest.xml:19:17-82
259            <meta-data
259-->[com.google.firebase:firebase-firestore:25.0.0] AndroidManifest.xml:20:13-22:85
260                android:name="com.google.firebase.components:com.google.firebase.firestore.FirestoreRegistrar"
260-->[com.google.firebase:firebase-firestore:25.0.0] AndroidManifest.xml:21:17-111
261                android:value="com.google.firebase.components.ComponentRegistrar" />
261-->[com.google.firebase:firebase-firestore:25.0.0] AndroidManifest.xml:22:17-82
262            <meta-data
262-->[com.google.firebase:firebase-messaging-ktx:24.0.0] AndroidManifest.xml:26:13-28:85
263                android:name="com.google.firebase.components:com.google.firebase.messaging.ktx.FirebaseMessagingLegacyRegistrar"